<?xml version="1.0" encoding="UTF-8"?>
<testsuite xmlns:xsi="http://www.w3.org/2001/XMLSchema-instance" xsi:noNamespaceSchemaLocation="https://maven.apache.org/surefire/maven-surefire-plugin/xsd/surefire-test-report-3.0.xsd" version="3.0" name="com.weatherapiproject.weatherapi.WeatherApiApplicationTests" time="3.536" tests="1" errors="0" skipped="0" failures="0">
  <properties>
[...]
</properties>
  <testcase name="contextLoads" classname="com.weatherapiproject.weatherapi.WeatherApiApplicationTests" time="0.859">
    <system-out><![CDATA[12:31:51.661 [main] INFO org.springframework.test.context.support.AnnotationConfigContextLoaderUtils -- Could not detect default configuration classes for test class [com.weatherapiproject.weatherapi.WeatherApiApplicationTests]: WeatherApiApplicationTests does not declare any static, non-private, non-final, nested classes annotated with @Configuration.
12:31:51.768 [main] INFO org.springframework.boot.test.context.SpringBootTestContextBootstrapper -- Found @SpringBootConfiguration com.weatherapiproject.weatherapi.WeatherApiApplication for test class com.weatherapiproject.weatherapi.WeatherApiApplicationTests
12:31:51.971 [main] INFO org.springframework.boot.devtools.restart.RestartApplicationListener -- Restart disabled due to context in which it is running

  .   ____          _            __ _ _
 /\\ / ___'_ __ _ _(_)_ __  __ _ \ \ \ \
( ( )\___ | '_ | '_| | '_ \/ _` | \ \ \ \
 \\/  ___)| |_)| | | | | || (_| |  ) ) ) )
  '  |____| .__|_| |_|_| |_\__, | / / / /
 =========|_|==============|___/=/_/_/_/
 :: Spring Boot ::                (v3.2.5)

2024-05-27T12:31:52.227+05:30  INFO 10236 --- [weather-api] [           main] c.w.w.WeatherApiApplicationTests         : Starting WeatherApiApplicationTests using Java 17.0.2 with PID 10236 (started by Administrator in c:\Users\Administrator\Downloads\weather-api)
2024-05-27T12:31:52.229+05:30  INFO 10236 --- [weather-api] [           main] c.w.w.WeatherApiApplicationTests         : No active profile set, falling back to 1 default profile: "default"
2024-05-27T12:31:54.032+05:30  INFO 10236 --- [weather-api] [           main] o.s.b.a.e.web.EndpointLinksResolver      : Exposing 1 endpoint(s) beneath base path '/actuator'
2024-05-27T12:31:54.094+05:30  INFO 10236 --- [weather-api] [           main] c.w.w.WeatherApiApplicationTests         : Started WeatherApiApplicationTests in 2.136 seconds (process running for 3.311)
]]></system-out>
  </testcase>
</testsuite>